C51 COMPILER V9.54   FIXED_DISPLAY                                                         11/12/2015 21:14:42 PAGE 1   


C51 COMPILER V9.54, COMPILATION OF MODULE FIXED_DISPLAY
OBJECT MODULE PLACED IN .\Objects\fixed_display.obj
COMPILER INVOKED BY: C:\Keil_v5\C51\BIN\C51.EXE fixed_display.c OPTIMIZE(8,SPEED) BROWSE DEBUG OBJECTEXTEND PRINT(.\List
                    -ings\fixed_display.lst) TABS(2) OBJECT(.\Objects\fixed_display.obj)

line level    source

   1          /*******************************************************
   2          * Objective: Fixed display on seven segment displays
   3          * S/W: Keil uVision 5
   4          * Author: Manoj Hansda
   5          *********************************************************/
   6          
   7          #include <REGX51.H>
   8          
   9          #include "../../functions/seven_segment.h"   // contains display()
  10          
  11          unsigned char values[]={1,2,3,4};
  12          
  13          void main()
  14          {
  15   1        unsigned char *val=values;
  16   1        
  17   1        while(1)
  18   1          display(num_codes, val);
  19   1      }


MODULE INFORMATION:   STATIC OVERLAYABLE
   CODE SIZE        =    215    ----
   CONSTANT SIZE    =   ----    ----
   XDATA SIZE       =   ----    ----
   PDATA SIZE       =   ----    ----
   DATA SIZE        =     44      13
   IDATA SIZE       =   ----    ----
   BIT SIZE         =   ----    ----
END OF MODULE INFORMATION.


C51 COMPILATION COMPLETE.  0 WARNING(S),  0 ERROR(S)
