C51 COMPILER V9.54   MOBILE_KEYPAD                                                         11/12/2015 21:16:37 PAGE 1   


C51 COMPILER V9.54, COMPILATION OF MODULE MOBILE_KEYPAD
OBJECT MODULE PLACED IN .\Objects\mobile_keypad.obj
COMPILER INVOKED BY: C:\Keil_v5\C51\BIN\C51.EXE mobile_keypad.c OPTIMIZE(8,SPEED) BROWSE DEBUG OBJECTEXTEND PRINT(.\List
                    -ings\mobile_keypad.lst) TABS(2) OBJECT(.\Objects\mobile_keypad.obj)

line level    source

   1          /***************************************************************
   2          * Objective: Mobile type input through 4x3 keypad to 16x2 LCD
   3          * S/W: Keil uVision 5
   4          * Author: Manoj Hansda
   5          ****************************************************************/
   6          
   7          #include <REGX51.H>
   8          
   9          #include "../../functions/keypad.h"          // contains key_detect()
  10          #include "../../functions/lcd.h"             // contains send_cmd(), send_data(), send_msg()
  11          
  12          unsigned char i=0, l=0, var=0, *key_pressed, flag=0;
  13          unsigned int  count=0;
  14          
  15          void main()
  16          {
  17   1        delay(1275);
  18   1        lcd_init();
  19   1      
  20   1        IE=0x82;
  21   1        TMOD=0x01;
  22   1        TH0=0x3C;
  23   1        TL0=0xB0;
  24   1        send_cmd(0x88);
  25   1      
  26   1        while(1)
  27   1        {
  28   2          key_pressed=key_detect();
  29   2          if(key_pressed[0]!='\0')
  30   2          {
  31   3            if(flag==0)
  32   3            {
  33   4              TR0=1;
  34   4              flag=1;
  35   4            }
  36   3          }
  37   2      
  38   2          else
  39   2          {
  40   3            TR0=0;
  41   3            flag=0;
  42   3            count=0;
  43   3            send_cmd(0x06);
  44   3          }
  45   2        }
  46   1      }
  47          
  48          void timer0() interrupt 1
  49          {
  50   1        TH0=0x3C;
  51   1        TL0=0xB0;
  52   1      
  53   1        count++;
  54   1      
C51 COMPILER V9.54   MOBILE_KEYPAD                                                         11/12/2015 21:16:37 PAGE 2   

  55   1        if(count==5)
  56   1          send_data(key_pressed[0]);
  57   1      
  58   1        else if(count==30)
  59   1        {
  60   2          send_cmd(0x04);
  61   2          send_data(' ');
  62   2          send_cmd(0x06);
  63   2          send_data(key_pressed[1]);
  64   2        }
  65   1      
  66   1        else if(count==60)
  67   1        {
  68   2          send_cmd(0x04);
  69   2          send_data(' ');
  70   2          send_cmd(0x06);
  71   2          send_data(key_pressed[2]);
  72   2        }
  73   1      
  74   1        else if(count==90)
  75   1        {
  76   2          send_cmd(0x04);
  77   2          send_data(' ');
  78   2          send_cmd(0x06);
  79   2          send_data(key_pressed[3]);
  80   2        }
  81   1      
  82   1      }


MODULE INFORMATION:   STATIC OVERLAYABLE
   CODE SIZE        =    665    ----
   CONSTANT SIZE    =   ----    ----
   XDATA SIZE       =   ----    ----
   PDATA SIZE       =   ----    ----
   DATA SIZE        =      9      12
   IDATA SIZE       =   ----    ----
   BIT SIZE         =   ----    ----
END OF MODULE INFORMATION.


C51 COMPILATION COMPLETE.  0 WARNING(S),  0 ERROR(S)
