C51 COMPILER V9.54   INTERRUPT_COUNT                                                       11/12/2015 21:49:30 PAGE 1   


C51 COMPILER V9.54, COMPILATION OF MODULE INTERRUPT_COUNT
OBJECT MODULE PLACED IN .\Objects\interrupt_count.obj
COMPILER INVOKED BY: C:\Keil_v5\C51\BIN\C51.EXE interrupt_count.c OPTIMIZE(8,SPEED) BROWSE DEBUG OBJECTEXTEND PRINT(.\Li
                    -stings\interrupt_count.lst) TABS(2) OBJECT(.\Objects\interrupt_count.obj)

line level    source

   1          /******************************************
   2          * Objective: Count external interrupt 0
   3          * S/W: Keil uVision 5
   4          * Author: Manoj Hansda
   5          ********************************************/
   6          
   7          #include <REGX51.H>
   8          
   9          #include "../../functions/seven_segment.h"   // contains display()
  10          
  11          unsigned char i=0, j=0, k=0, l=0;
  12          unsigned char count[4]={0,0,0,0};
  13          
  14          void main()
  15          {
  16   1        IE=0x81;
  17   1        TCON=0x01;
  18   1        
  19   1        while(1)
  20   1          display(num_codes, count);
  21   1      }
  22          
  23          void toggle() interrupt 0
  24          {
  25   1        i++;
  26   1        if(i>9) { i=0;  j++;  }     
  27   1        if(j>9) { j=0;  k++;  }   
  28   1        if(k>9) { k=0;  l++;  } 
  29   1        if(l>9) { l=0;  }
  30   1        
  31   1        count[0]=i; count[1]=j; count[2]=k; count[3]=l;
  32   1      }


MODULE INFORMATION:   STATIC OVERLAYABLE
   CODE SIZE        =    281    ----
   CONSTANT SIZE    =   ----    ----
   XDATA SIZE       =   ----    ----
   PDATA SIZE       =   ----    ----
   DATA SIZE        =     48      10
   IDATA SIZE       =   ----    ----
   BIT SIZE         =   ----    ----
END OF MODULE INFORMATION.


C51 COMPILATION COMPLETE.  0 WARNING(S),  0 ERROR(S)
