C51 COMPILER V9.54   BLINK_LED_AT_1_SEC                                                    11/12/2015 21:21:48 PAGE 1   


C51 COMPILER V9.54, COMPILATION OF MODULE BLINK_LED_AT_1_SEC
OBJECT MODULE PLACED IN .\Objects\blink_led_at_1_sec.obj
COMPILER INVOKED BY: C:\Keil_v5\C51\BIN\C51.EXE blink_led_at_1_sec.c OPTIMIZE(8,SPEED) BROWSE DEBUG OBJECTEXTEND PRINT(.
                    -\Listings\blink_led_at_1_sec.lst) TABS(2) OBJECT(.\Objects\blink_led_at_1_sec.obj)

line level    source

   1          /******************************************************************
   2          * Objective: Blink LED over 1 second using timer 0 (16 bit mode)
   3          * S/W: Keil uVision 5
   4          * Author: Manoj Hansda
   5          *******************************************************************/
   6          
   7          #include <REGX51.H>
   8          
   9          #include "../../TICO_BOARD.H"                // contains Port and Pin definitions of TICO kit board
  10          
  11          unsigned int count=0;
  12          
  13          void main()
  14          {
  15   1        led_pwr_tr=0;
  16   1        led_port=0x00;
  17   1      
  18   1        IE=0x82;
  19   1        TMOD=0x01;
  20   1        TH0=0x3C;
  21   1        TL0=0xB0;
  22   1        TR0=1;
  23   1      
  24   1        while(1);
  25   1      }
  26          
  27          void timer0() interrupt 1
  28          {
  29   1        TH0=0x3C;
  30   1        TL0=0xB0;
  31   1        if(count++==20)
  32   1        {
  33   2          count=0;
  34   2          led_port=~led_port;
  35   2        }
  36   1      }


MODULE INFORMATION:   STATIC OVERLAYABLE
   CODE SIZE        =     66    ----
   CONSTANT SIZE    =   ----    ----
   XDATA SIZE       =   ----    ----
   PDATA SIZE       =   ----    ----
   DATA SIZE        =      2    ----
   IDATA SIZE       =   ----    ----
   BIT SIZE         =   ----    ----
END OF MODULE INFORMATION.


C51 COMPILATION COMPLETE.  0 WARNING(S),  0 ERROR(S)
