C51 COMPILER V8.16   CALC_ENTRY                                                            11/12/2015 23:45:54 PAGE 1   


C51 COMPILER V8.16, COMPILATION OF MODULE CALC_ENTRY
OBJECT MODULE PLACED IN .\Objects\calc_entry.obj
COMPILER INVOKED BY: C:\Keil\C51\BIN\C51.EXE calc_entry.c BROWSE DEBUG OBJECTEXTEND PRINT(.\Listings\calc_entry.lst) TAB
                    -S(2) OBJECT(.\Objects\calc_entry.obj)

line level    source

   1          /*********************************************************************************
   2          * Objective: Calculator type entry on seven segment displays through 4x3 keypad
   3          * S/W: Keil uVision 5
   4          * Author: Manoj Hansda
   5          **********************************************************************************/
   6          
   7          #include <REGX51.H>
   8          
   9          #include "../../functions/keypad.h"          // contains key_detect()
  10          #include "../../functions/seven_segment.h"   // contains display()
  11          
  12          void key_action(unsigned char key);
  13          
  14          unsigned char *key_pressed, flag=0, digits[4]={0,0,0,0};
  15          
  16          void main()
  17          {
  18   1        unsigned char *val;
  19   1        
  20   1        while(1)
  21   1        {
  22   2          key_pressed=key_detect();
  23   2          
  24   2          if(key_pressed[0]!='\0')
  25   2            if(flag==0)
  26   2              key_action(key_pressed[0]);
  27   2            
  28   2          else
  29   2            flag=0;
  30   2          
  31   2          val=digits;
  32   2          display(num_codes, val);
  33   2        }
  34   1      }
  35          
  36          void key_action(unsigned char key)
  37          {
  38   1            digits[3]=digits[2];
  39   1            digits[2]=digits[1];
  40   1            digits[1]=digits[0];
  41   1            digits[0]=key;
  42   1            flag=1;
  43   1      }


MODULE INFORMATION:   STATIC OVERLAYABLE
   CODE SIZE        =    485    ----
   CONSTANT SIZE    =   ----    ----
   XDATA SIZE       =   ----    ----
   PDATA SIZE       =   ----    ----
   DATA SIZE        =     48      17
   IDATA SIZE       =   ----    ----
   BIT SIZE         =   ----    ----
END OF MODULE INFORMATION.

C51 COMPILER V8.16   CALC_ENTRY                                                            11/12/2015 23:45:54 PAGE 2   


C51 COMPILATION COMPLETE.  0 WARNING(S),  0 ERROR(S)
