C51 COMPILER V9.54   SERIAL_RX                                                             11/12/2015 22:05:33 PAGE 1   


C51 COMPILER V9.54, COMPILATION OF MODULE SERIAL_RX
OBJECT MODULE PLACED IN .\Objects\serial_rx.obj
COMPILER INVOKED BY: C:\Keil_v5\C51\BIN\C51.EXE serial_rx.c OPTIMIZE(8,SPEED) BROWSE DEBUG OBJECTEXTEND PRINT(.\Listings
                    -\serial_rx.lst) TABS(2) OBJECT(.\Objects\serial_rx.obj)

line level    source

   1          /*********************************************************************************
   2          * Objective: Serial reception on UART from keyboard and display it on 16x2 LCD
   3          * S/W: Keil uVision 5
   4          * Author: Manoj Hansda
   5          **********************************************************************************/
   6          
   7          #include <REGX51.H>
   8          
   9          #include "../../functions/lcd.h"             // contains send_cmd(), send_data(), send_msg()
  10          
  11          void main()
  12          {
  13   1        delay(1275);
  14   1        lcd_init();
  15   1        
  16   1        IE=0x90;
  17   1        TMOD=0x20;
  18   1        TH1=0xFD;
  19   1        SCON=0x50;
  20   1        TR1=1;
  21   1      
  22   1        while(1);
  23   1      }
  24          
  25          void serial() interrupt 4
  26          {
  27   1        if(RI==1)
  28   1        {
  29   2          send_data(SBUF);
  30   2          RI=0;
  31   2        }
  32   1      }


MODULE INFORMATION:   STATIC OVERLAYABLE
   CODE SIZE        =    245    ----
   CONSTANT SIZE    =   ----    ----
   XDATA SIZE       =   ----    ----
   PDATA SIZE       =   ----    ----
   DATA SIZE        =   ----       8
   IDATA SIZE       =   ----    ----
   BIT SIZE         =   ----    ----
END OF MODULE INFORMATION.


C51 COMPILATION COMPLETE.  0 WARNING(S),  0 ERROR(S)
