C51 COMPILER V9.54   LED_ROTATE_RIGHT                                                      11/12/2015 21:12:01 PAGE 1   


C51 COMPILER V9.54, COMPILATION OF MODULE LED_ROTATE_RIGHT
OBJECT MODULE PLACED IN .\Objects\led_rotate_right.obj
COMPILER INVOKED BY: C:\Keil_v5\C51\BIN\C51.EXE led_rotate_right.c OPTIMIZE(8,SPEED) BROWSE DEBUG OBJECTEXTEND PRINT(.\L
                    -istings\led_rotate_right.lst) TABS(2) OBJECT(.\Objects\led_rotate_right.obj)

line level    source

   1          /****************************************
   2          * Objective: Rotate a single LED right
   3          * S/W: Keil uVision 5
   4          * Author: Manoj Hansda
   5          *****************************************/
   6          
   7          #include <REGX51.H>
   8          
   9          #include "../../TICO_BOARD.H"                // contains Port and Pin definitions of TICO kit board
  10          #include "../../functions/delay.h"           // contains delay()
  11          
  12          unsigned char i, bits;
  13          
  14          void main()
  15          {
  16   1        led_pwr_tr=0;
  17   1       
  18   1        while(1)
  19   1        {
  20   2          bits=0xFF;
  21   2          for(i=0; i<8; i++)
  22   2          {
  23   3            bits=bits<<1;
  24   3            bits=bits+0x01;
  25   3            led_port=bits;
  26   3            delay(15000); 
  27   3          } 
  28   2        }
  29   1      }


MODULE INFORMATION:   STATIC OVERLAYABLE
   CODE SIZE        =     63    ----
   CONSTANT SIZE    =   ----    ----
   XDATA SIZE       =   ----    ----
   PDATA SIZE       =   ----    ----
   DATA SIZE        =      2       4
   IDATA SIZE       =   ----    ----
   BIT SIZE         =   ----    ----
END OF MODULE INFORMATION.


C51 COMPILATION COMPLETE.  0 WARNING(S),  0 ERROR(S)
