C51 COMPILER V9.54   FIXED_MESSAGE                                                         11/12/2015 21:16:11 PAGE 1   


C51 COMPILER V9.54, COMPILATION OF MODULE FIXED_MESSAGE
OBJECT MODULE PLACED IN .\Objects\fixed_message.obj
COMPILER INVOKED BY: C:\Keil_v5\C51\BIN\C51.EXE fixed_message.c OPTIMIZE(8,SPEED) BROWSE DEBUG OBJECTEXTEND PRINT(.\List
                    -ings\fixed_message.lst) TABS(2) OBJECT(.\Objects\fixed_message.obj)

line level    source

   1          /********************************************
   2          * Objective: Fixed message on LCD display
   3          * S/W: Keil uVision 5
   4          * Author: Manoj Hansda
   5          **********************************************/
   6          
   7          #include <REGX51.H>
   8          
   9          #include "../../functions/lcd.h"             // contains send_cmd(), send_data(), send_msg()
  10          
  11          void main()
  12          {
  13   1        delay(1275);
  14   1        lcd_init();
  15   1        send_msg("Welcome");
  16   1        while(1);
  17   1      }


MODULE INFORMATION:   STATIC OVERLAYABLE
   CODE SIZE        =    194    ----
   CONSTANT SIZE    =      8    ----
   XDATA SIZE       =   ----    ----
   PDATA SIZE       =   ----    ----
   DATA SIZE        =   ----       8
   IDATA SIZE       =   ----    ----
   BIT SIZE         =   ----    ----
END OF MODULE INFORMATION.


C51 COMPILATION COMPLETE.  0 WARNING(S),  0 ERROR(S)
