C51 COMPILER V9.54   SAND_GLASS                                                            11/12/2015 21:12:59 PAGE 1   


C51 COMPILER V9.54, COMPILATION OF MODULE SAND_GLASS
OBJECT MODULE PLACED IN .\Objects\sand_glass.obj
COMPILER INVOKED BY: C:\Keil_v5\C51\BIN\C51.EXE sand_glass.c OPTIMIZE(8,SPEED) BROWSE DEBUG OBJECTEXTEND PRINT(.\Listing
                    -s\sand_glass.lst) TABS(2) OBJECT(.\Objects\sand_glass.obj)

line level    source

   1          /*****************************************
   2          * Objective: Sand glass on 8 LED panel
   3          * S/W: Keil uVision 5
   4          * Author: Manoj Hansda
   5          ******************************************/
   6          
   7          #include <REGX51.H>
   8          
   9          #include "../../TICO_BOARD.H"                // contains Port and Pin definitions of TICO kit board
  10          #include "../../functions/delay.h"           // contains delay()
  11          
  12          unsigned char i, hold, value=0, length=8, bits=0x80;
  13            
  14          void main()
  15          {
  16   1        while(1)
  17   1        {                              
  18   2          hold=bits;
  19   2          for(i=0; i<length; i++)
  20   2          {
  21   3            led_port=~bits;
  22   3            delay(30000);
  23   3            bits=bits>>1;
  24   3          }
  25   2          length--;
  26   2          bits=hold|0x80;
  27   2          value=value<<1;
  28   2          bits=bits+~value;
  29   2        }
  30   1      }


MODULE INFORMATION:   STATIC OVERLAYABLE
   CODE SIZE        =     82    ----
   CONSTANT SIZE    =   ----    ----
   XDATA SIZE       =   ----    ----
   PDATA SIZE       =   ----    ----
   DATA SIZE        =      5       4
   IDATA SIZE       =   ----    ----
   BIT SIZE         =   ----    ----
END OF MODULE INFORMATION.


C51 COMPILATION COMPLETE.  0 WARNING(S),  0 ERROR(S)
