C51 COMPILER V9.54   PASS_FAIL                                                             11/12/2015 21:15:10 PAGE 1   


C51 COMPILER V9.54, COMPILATION OF MODULE PASS_FAIL
OBJECT MODULE PLACED IN .\Objects\pass_fail.obj
COMPILER INVOKED BY: C:\Keil_v5\C51\BIN\C51.EXE pass_fail.c OPTIMIZE(8,SPEED) BROWSE DEBUG OBJECTEXTEND PRINT(.\Listings
                    -\pass_fail.lst) TABS(2) OBJECT(.\Objects\pass_fail.obj)

line level    source

   1          /*************************************************************************
   2          * Objective: Show PASS or FAIL on 7-segment displays based on pin entry
   3          * S/W: Keil uVision 5
   4          * Author: Manoj Hansda
   5          **************************************************************************/
   6          
   7          #include <REGX51.H>
   8          
   9          #include "../../functions/keypad.h"         // contains key_detect()
  10          #include "../../functions/seven_segment.h"  // contains display()
  11          
  12          char * key_action(unsigned char key);
  13          void check(void);
  14          
  15          unsigned char *key_pressed, flag=0, match=1;
  16          unsigned char digits[4]={0,0,0,0}, pwd[4]={1,2,3,4}, *val, *values2;
  17          unsigned char pass[4]={S,S,A,p}, fail[4]={L,I,A,F};
  18          
  19          void main()
  20          {
  21   1        while(1)
  22   1        {
  23   2          key_pressed=key_detect();
  24   2          
  25   2          if(key_pressed[0]!='\0')
  26   2            if(flag==0)
  27   2              val=key_action(key_pressed[0]);
  28   2            
  29   2          else
  30   2            flag=0;
  31   2      
  32   2          display(num_codes, val);
  33   2        }
  34   1      }
  35          
  36          char * key_action(unsigned char key)
  37          {
  38   1        if(key!=0x0F && key!=0xF0)
  39   1        {
  40   2          digits[3]=digits[2];
  41   2          digits[2]=digits[1];
  42   2          digits[1]=digits[0];
  43   2          digits[0]=key;
  44   2          flag=1;
  45   2        }
  46   1      
  47   1        else if(key==0xF0)
  48   1          check();
  49   1      
  50   1        return digits;
  51   1      }
  52          
  53          void check(void)
  54          {
C51 COMPILER V9.54   PASS_FAIL                                                             11/12/2015 21:15:10 PAGE 2   

  55   1        unsigned char i;
  56   1        
  57   1        for(i=0; i<4; i++)
  58   1        {
  59   2          if(digits[i]!=pwd[3-i])
  60   2            match=0;
  61   2        }
  62   1        
  63   1        if(match==1)
  64   1        {
  65   2          val=pass;
  66   2          while(1)
  67   2            display(alpha_codes, val);
  68   2        }
  69   1        
  70   1        else if(match==0)
  71   1        {
  72   2          val=fail;
  73   2          while(1)
  74   2            display(alpha_codes, val);
  75   2        }
  76   1      }


MODULE INFORMATION:   STATIC OVERLAYABLE
   CODE SIZE        =    584    ----
   CONSTANT SIZE    =   ----    ----
   XDATA SIZE       =   ----    ----
   PDATA SIZE       =   ----    ----
   DATA SIZE        =     67      14
   IDATA SIZE       =   ----    ----
   BIT SIZE         =   ----    ----
END OF MODULE INFORMATION.


C51 COMPILATION COMPLETE.  0 WARNING(S),  0 ERROR(S)
