C51 COMPILER V9.54   TRANSMIT_STRING                                                       11/12/2015 22:18:14 PAGE 1   


C51 COMPILER V9.54, COMPILATION OF MODULE TRANSMIT_STRING
OBJECT MODULE PLACED IN .\Objects\transmit_string.obj
COMPILER INVOKED BY: C:\Keil_v5\C51\BIN\C51.EXE transmit_string.c OPTIMIZE(8,SPEED) BROWSE DEBUG OBJECTEXTEND PRINT(.\Li
                    -stings\transmit_string.lst) TABS(2) OBJECT(.\Objects\transmit_string.obj)

line level    source

   1          /**************************************************
   2          * Objective: Transmit whole string through UART
   3          * S/W: Keil uVision 5
   4          * Author: Manoj Hansda
   5          ****************************************************/
   6          
   7          #include <REGX51.H>
   8          #include <string.h>
   9          
  10          #include "../../TICO_BOARD.H"                // contains Port and Pin definitions of TICO kit board
  11          #include "../../functions/delay.h"           // contains delay()
  12          
  13          void show_data();
  14          void show_data2();
  15          
  16          unsigned char p=0, k=0, j, str[15], flag=0;
  17          unsigned char show1[]="Hello Guest! What's your name? ";
  18          unsigned char show2[]="Welcome ";
  19          unsigned char show3[]=", we have following items for you:";
  20          unsigned char show4[]="1.Cookies 2.Cakes";
  21          
  22          void main()
  23          {
  24   1      
  25   1        IE=0x90;
  26   1        TMOD=0x20;
  27   1        TH1=0xFD;
  28   1        SCON=0x50;
  29   1        TR1=1;
  30   1      
  31   1        while(1);
  32   1      }
  33          
  34          void serial() interrupt 4
  35          {
  36   1        if(RI==1)
  37   1        {
  38   2          if(SBUF==0x0D)
  39   2          { 
  40   3            RI=0;
  41   3            if(flag==0) show_data();
  42   3            else show_data2();
  43   3          }
  44   2          else
  45   2          {
  46   3            str[p]=SBUF;
  47   3            p++;
  48   3            RI=0;
  49   3          }
  50   2        }
  51   1      }
  52          
  53          void show_data()
  54          {
C51 COMPILER V9.54   TRANSMIT_STRING                                                       11/12/2015 22:18:14 PAGE 2   

  55   1        for(j=0; j<strlen(show1); j++)
  56   1        {
  57   2          SBUF=show1[j]; delay(1000); TI=0;
  58   2        }
  59   1        flag=1;
  60   1        p=0;
  61   1      }
  62          
  63          void show_data2()
  64          {
  65   1        for(j=0; j<strlen(show2); j++)
  66   1        {
  67   2          SBUF=show2[j]; delay(1000); TI=0;
  68   2        }
  69   1        for(j=0; j<strlen(str); j++)
  70   1        {
  71   2          SBUF=str[j]; delay(1000); TI=0;
  72   2        }
  73   1        for(j=0; j<strlen(show3); j++)
  74   1        {
  75   2          SBUF=show3[j]; delay(1000); TI=0;
  76   2        }
  77   1        
  78   1        SBUF=0x0D; delay(1000); TI=0;
  79   1        
  80   1        for(j=0; j<strlen(show4); j++)
  81   1        {
  82   2          SBUF=show4[j]; delay(1000); TI=0;
  83   2        }
  84   1      }


MODULE INFORMATION:   STATIC OVERLAYABLE
   CODE SIZE        =    314    ----
   CONSTANT SIZE    =   ----    ----
   XDATA SIZE       =   ----    ----
   PDATA SIZE       =   ----    ----
   DATA SIZE        =    113       4
   IDATA SIZE       =   ----    ----
   BIT SIZE         =   ----    ----
END OF MODULE INFORMATION.


C51 COMPILATION COMPLETE.  0 WARNING(S),  0 ERROR(S)
