C51 COMPILER V8.16   SIMPLE_ADC                                                            11/12/2015 23:48:10 PAGE 1   


C51 COMPILER V8.16, COMPILATION OF MODULE SIMPLE_ADC
OBJECT MODULE PLACED IN .\Objects\simple_ADC.obj
COMPILER INVOKED BY: C:\Keil\C51\BIN\C51.EXE simple_ADC.c BROWSE DEBUG OBJECTEXTEND PRINT(.\Listings\simple_ADC.lst) TAB
                    -S(2) OBJECT(.\Objects\simple_ADC.obj)

line level    source

   1          /********************************************
   2          * Objective: Analog-to-Digital conversion
   3          * S/W: Keil uVision 5
   4          * Author: Manoj Hansda
   5          **********************************************/
   6          
   7          #include <REGX51.H>
   8          
   9          #include "../../functions/seven_segment.h"   // contains display()
  10          
  11          unsigned char * convert();
  12          
  13          unsigned char unit=0,tens=0,hund=0,thou=0, tmp, *val;
  14          
  15          void main()
  16          {
  17   1      P0=0xff;
  18   1      P1=0xff;
  19   1      P2=0xff;
  20   1      P3=0xff;
  21   1      led_pwr_tr=0;
  22   1      unit_tr_ca=0;
  23   1      TMOD=0x01;
  24   1      TL0=0xB0;
  25   1      TH0=0xff;
  26   1      TR0=1;
  27   1      IE=0x82;
  28   1      
  29   1      clock=0;
  30   1      unit_tr_ca=0;
  31   1      ALE=0;
  32   1      SC=0;
  33   1      EOC=1;
  34   1      OE=0;
  35   1      
  36   1        while(1)
  37   1        {
  38   2          ADD_A=0;  ADD_B=1;
  39   2      
  40   2          ALE=0;  delay(100); ALE=1;
  41   2      
  42   2          SC=1; delay(100); SC=0;
  43   2      
  44   2          while(EOC==1);
  45   2          while(EOC==0);
  46   2      
  47   2          seg_port=0xFF;
  48   2          OE=1;
  49   2          tmp=seg_port;
  50   2          OE=0;
  51   2      
  52   2          seg_port=0X00;    
  53   2          tmp=seg_port;
  54   2          val=convert();  
C51 COMPILER V8.16   SIMPLE_ADC                                                            11/12/2015 23:48:10 PAGE 2   

  55   2          display(num_codes, val);
  56   2          delay(100);
  57   2          clock=0;
  58   2        }
  59   1      }
  60          
  61          unsigned char * convert()
  62          {
  63   1        unsigned char value[4];
  64   1        
  65   1        unit=tmp%10; 
  66   1        tens=(tmp/10)%10;
  67   1        hund=(tmp/100)%10;
  68   1        thou=tmp/1000;
  69   1        
  70   1        value[0]=unit;  value[1]=tens;  value[2]=hund;  value[3]=thou;
  71   1        return value;
  72   1      }
  73          
  74          void action() interrupt 1
  75          {
  76   1        clock=~clock;
  77   1      }


MODULE INFORMATION:   STATIC OVERLAYABLE
   CODE SIZE        =    375    ----
   CONSTANT SIZE    =   ----    ----
   XDATA SIZE       =   ----    ----
   PDATA SIZE       =   ----    ----
   DATA SIZE        =     48      14
   IDATA SIZE       =   ----    ----
   BIT SIZE         =   ----    ----
END OF MODULE INFORMATION.


C51 COMPILATION COMPLETE.  0 WARNING(S),  0 ERROR(S)
