C51 COMPILER V9.54   LED_CONV_DIV                                                          11/12/2015 21:11:08 PAGE 1   


C51 COMPILER V9.54, COMPILATION OF MODULE LED_CONV_DIV
OBJECT MODULE PLACED IN .\Objects\led_conv_div.obj
COMPILER INVOKED BY: C:\Keil_v5\C51\BIN\C51.EXE led_conv_div.c OPTIMIZE(8,SPEED) BROWSE DEBUG OBJECTEXTEND PRINT(.\Listi
                    -ngs\led_conv_div.lst) TABS(2) OBJECT(.\Objects\led_conv_div.obj)

line level    source

   1          /***************************************
   2          * Objective: LEDs coverge and diverge
   3          * S/W: Keil uVision 5
   4          * Author: Manoj Hansda
   5          ****************************************/
   6          
   7          #include <REGX51.H>
   8          
   9          #include "../../TICO_BOARD.H"                // contains Port and Pin definitions of TICO kit board
  10          #include "../../functions/delay.h"           // contains delay()
  11          
  12          unsigned char i, d=5, bits1, bits2;
  13          
  14          void main()
  15          {
  16   1        led_pwr_tr=0; 
  17   1           
  18   1        while(1)
  19   1        {
  20   2          bits1=0x7F; bits2=0xFE;
  21   2      
  22   2          for(i=0; i<8; i++)
  23   2          { 
  24   3            while(d--)
  25   3            {
  26   4              led_port=bits1;
  27   4              delay(500);
  28   4              led_port=bits2;
  29   4              delay(500);
  30   4            }
  31   3            bits1=bits1>>1;
  32   3            bits1=bits1+0x80;
  33   3            bits2=bits2<<1;
  34   3            bits2=bits2+0x01;
  35   3            d=5;
  36   3           }
  37   2        }
  38   1      }


MODULE INFORMATION:   STATIC OVERLAYABLE
   CODE SIZE        =     94    ----
   CONSTANT SIZE    =   ----    ----
   XDATA SIZE       =   ----    ----
   PDATA SIZE       =   ----    ----
   DATA SIZE        =      4       4
   IDATA SIZE       =   ----    ----
   BIT SIZE         =   ----    ----
END OF MODULE INFORMATION.


C51 COMPILATION COMPLETE.  0 WARNING(S),  0 ERROR(S)
