C51 COMPILER V9.54   CUSTOM_CHARACTER                                                      11/12/2015 21:15:57 PAGE 1   


C51 COMPILER V9.54, COMPILATION OF MODULE CUSTOM_CHARACTER
OBJECT MODULE PLACED IN .\Objects\custom_character.obj
COMPILER INVOKED BY: C:\Keil_v5\C51\BIN\C51.EXE custom_character.c OPTIMIZE(8,SPEED) BROWSE DEBUG OBJECTEXTEND PRINT(.\L
                    -istings\custom_character.lst) TABS(2) OBJECT(.\Objects\custom_character.obj)

line level    source

   1          /*******************************************************
   2          * Objective: Display custom character on LCD display
   3          * S/W: Keil uVision 5
   4          * Author: Manoj Hansda
   5          ********************************************************/
   6          
   7          #include <REGX51.H>
   8          
   9          #include "../../functions/lcd.h"             // contains send_cmd(), send_data(), send_msg()
  10          
  11          #include "symbols.c"                         // contains 8 custom symbols
  12          
  13          unsigned char CG_RAM[8]={0x40, 0x48, 0x50, 0x58, 0x60, 0x68, 0x70, 0x78};
  14          
  15          void main()
  16          {
  17   1        unsigned char i, j;
  18   1        
  19   1        delay(1275);
  20   1        lcd_init();
  21   1        
  22   1        for(i=0; i<8; i++)
  23   1        {
  24   2          send_cmd(CG_RAM[i]);
  25   2          for(j=0; j<8; j++)
  26   2            send_data(SYMBOLS[i][j]);
  27   2        }
  28   1        
  29   1        send_cmd(0x88);
  30   1        
  31   1        for(i=0; i<8; i++)
  32   1          send_data(i);
  33   1        
  34   1        while(1);
  35   1      }


MODULE INFORMATION:   STATIC OVERLAYABLE
   CODE SIZE        =    236    ----
   CONSTANT SIZE    =   ----    ----
   XDATA SIZE       =   ----    ----
   PDATA SIZE       =   ----    ----
   DATA SIZE        =     72       8
   IDATA SIZE       =   ----    ----
   BIT SIZE         =   ----    ----
END OF MODULE INFORMATION.


C51 COMPILATION COMPLETE.  0 WARNING(S),  0 ERROR(S)
