C51 COMPILER V9.54   BINARY_COUNTING                                                       11/12/2015 21:07:15 PAGE 1   


C51 COMPILER V9.54, COMPILATION OF MODULE BINARY_COUNTING
OBJECT MODULE PLACED IN .\Objects\binary_counting.obj
COMPILER INVOKED BY: C:\Keil_v5\C51\BIN\C51.EXE binary_counting.c OPTIMIZE(8,SPEED) BROWSE DEBUG OBJECTEXTEND PRINT(.\Li
                    -stings\binary_counting.lst) TABS(2) OBJECT(.\Objects\binary_counting.obj)

line level    source

   1          /**********************************************
   2          * Objective: Binary counting on 8 LED panel
   3          * S/W: Keil uVision 5
   4          * Author: Manoj Hansda
   5          ***********************************************/
   6          
   7          #include <REGX51.H>
   8          
   9          #include "../../TICO_BOARD.H"                // contains Port and Pin definitions of TICO kit board
  10          #include "../../functions/delay.h"           // contains delay()
  11          
  12          unsigned char bits=0;
  13          
  14          void main()
  15          { 
  16   1         while(bits<256)
  17   1          {
  18   2            led_port=~bits;
  19   2            delay(50000);
  20   2            bits++;
  21   2          }
  22   1      }


MODULE INFORMATION:   STATIC OVERLAYABLE
   CODE SIZE        =     50    ----
   CONSTANT SIZE    =   ----    ----
   XDATA SIZE       =   ----    ----
   PDATA SIZE       =   ----    ----
   DATA SIZE        =      1       4
   IDATA SIZE       =   ----    ----
   BIT SIZE         =   ----    ----
END OF MODULE INFORMATION.


C51 COMPILATION COMPLETE.  0 WARNING(S),  0 ERROR(S)
